0 info it worked if it ends with ok
1 verbose cli [ '/usr/local/bin/node', '/usr/bin/npm', 'run', 'lite' ]
2 info using npm@4.0.5
3 info using node@v6.9.2
4 verbose run-script [ 'prelite', 'lite', 'postlite' ]
5 info lifecycle product-management@1.0.0~prelite: product-management@1.0.0
6 silly lifecycle product-management@1.0.0~prelite: no script for prelite, continuing
7 info lifecycle product-management@1.0.0~lite: product-management@1.0.0
8 verbose lifecycle product-management@1.0.0~lite: unsafe-perm in lifecycle true
9 verbose lifecycle product-management@1.0.0~lite: PATH: /usr/lib/node_modules/npm/bin/node-gyp-bin:/root/final/node_modules/.bin:/usr/lib/node_modules/npm/bin/node-gyp-bin:/root/final/node_modules/.bin:/usr/local/sbin:/usr/local/bin:/usr/sbin:/usr/bin:/sbin:/bin
10 verbose lifecycle product-management@1.0.0~lite: CWD: /root/final
11 silly lifecycle product-management@1.0.0~lite: Args: [ '-c', 'lite-server' ]
12 silly lifecycle product-management@1.0.0~lite: Returned: code: 134  signal: null
13 info lifecycle product-management@1.0.0~lite: Failed to exec lite script
14 verbose stack Error: product-management@1.0.0 lite: `lite-server`
14 verbose stack Exit status 134
14 verbose stack     at EventEmitter.<anonymous> (/usr/lib/node_modules/npm/lib/utils/lifecycle.js:279:16)
14 verbose stack     at emitTwo (events.js:106:13)
14 verbose stack     at EventEmitter.emit (events.js:191:7)
14 verbose stack     at ChildProcess.<anonymous> (/usr/lib/node_modules/npm/lib/utils/spawn.js:40:14)
14 verbose stack     at emitTwo (events.js:106:13)
14 verbose stack     at ChildProcess.emit (events.js:191:7)
14 verbose stack     at maybeClose (internal/child_process.js:877:16)
14 verbose stack     at Process.ChildProcess._handle.onexit (internal/child_process.js:226:5)
15 verbose pkgid product-management@1.0.0
16 verbose cwd /root/final
17 error Linux 4.8.0-kali2-amd64
18 error argv "/usr/local/bin/node" "/usr/bin/npm" "run" "lite"
19 error node v6.9.2
20 error npm  v4.0.5
21 error code ELIFECYCLE
22 error product-management@1.0.0 lite: `lite-server`
22 error Exit status 134
23 error Failed at the product-management@1.0.0 lite script 'lite-server'.
23 error Make sure you have the latest version of node.js and npm installed.
23 error If you do, this is most likely a problem with the product-management package,
23 error not with npm itself.
23 error Tell the author that this fails on your system:
23 error     lite-server
23 error You can get information on how to open an issue for this project with:
23 error     npm bugs product-management
23 error Or if that isn't available, you can get their info via:
23 error     npm owner ls product-management
23 error There is likely additional logging output above.
24 verbose exit [ 1, true ]
